<?xml version="1.0" encoding="UTF-8"?>
<!-- Generated by org.testng.reporters.JUnitReportReporter -->
<testsuite skipped="0" hostname="DESKTOP-P39G688" name="testng1.Assignment1" tests="1" failures="0" timestamp="2020-11-21T06:33:01 IST" time="10.487" errors="0">
  <testcase name="openBrowser" time="10.487" classname="testng1.Assignment1"/>
  <system-out/>
</testsuite> <!-- testng1.Assignment1 -->
