<?xml version="1.0" encoding="UTF-8"?>
<!-- Generated by org.testng.reporters.JUnitReportReporter -->
<testsuite skipped="0" hostname="DESKTOP-P39G688" name="testng1.Demo1" tests="1" failures="0" timestamp="2020-11-19T21:35:10 IST" time="0.006" errors="0">
  <testcase name="run" time="0.006" classname="testng1.Demo1"/>
  <system-out>
krishna i am reporter wala   </system-out>
</testsuite> <!-- testng1.Demo1 -->
