<?xml version="1.0" encoding="UTF-8"?>
<!-- Generated by org.testng.reporters.JUnitReportReporter -->
<testsuite skipped="0" hostname="DESKTOP-P39G688" name="testng1.Demo" tests="1" failures="0" timestamp="2020-11-19T16:49:39 IST" time="17.507" errors="0">
  <testcase name="Browser" time="17.507" classname="testng1.Demo"/>
  <system-out/>
</testsuite> <!-- testng1.Demo -->
