<?xml version="1.0" encoding="UTF-8"?>
<!-- Generated by org.testng.reporters.JUnitReportReporter -->
<testsuite skipped="0" hostname="DESKTOP-P39G688" name="testng1.Sumo" tests="1" failures="0" timestamp="2020-11-20T06:34:36 IST" time="0.005" errors="0">
  <testcase name="sun" time="0.005" classname="testng1.Sumo"/>
  <system-out>
this is sun method i am gun method i am run method  </system-out>
</testsuite> <!-- testng1.Sumo -->
