<?xml version="1.0" encoding="UTF-8"?>
<!-- Generated by org.testng.reporters.JUnitReportReporter -->
<testsuite skipped="0" hostname="DESKTOP-P39G688" name="testng1.AnnClass2" tests="1" failures="0" timestamp="2020-11-20T06:28:18 IST" time="0.005" errors="0">
  <testcase name="run" time="0.005" classname="testng1.AnnClass2"/>
  <system-out>
i am gun method- ann2  </system-out>
</testsuite> <!-- testng1.AnnClass2 -->
