<?xml version="1.0" encoding="UTF-8"?>
<!-- Generated by org.testng.reporters.JUnitReportReporter -->
<testsuite skipped="0" hostname="DESKTOP-P39G688" name="testng1.DataDriveninTestNG" tests="3" failures="0" timestamp="2020-11-20T16:20:15 IST" time="0.010" errors="0">
  <testcase name="getClass" time="0.002" classname="testng1.DataDriveninTestNG"/>
  <system-out>
admin2 manager2  </system-out>
  <testcase name="getClass" time="0.007" classname="testng1.DataDriveninTestNG"/>
  <system-out>
admin1 manager1  </system-out>
  <testcase name="getClass" time="0.001" classname="testng1.DataDriveninTestNG"/>
  <system-out>
admin3 manager3  </system-out>
</testsuite> <!-- testng1.DataDriveninTestNG -->
