<?xml version="1.0" encoding="UTF-8"?>
<!-- Generated by org.testng.reporters.JUnitReportReporter -->
<testsuite skipped="0" hostname="DESKTOP-P39G688" name="assignments1.ClearTrip" tests="1" failures="0" timestamp="2020-12-31T07:38:32 IST" time="10.902" errors="0">
  <testcase name="login" time="10.902" classname="assignments1.ClearTrip"/>
  <system-out/>
</testsuite> <!-- assignments1.ClearTrip -->
