<?xml version="1.0" encoding="UTF-8"?>
<!-- Generated by org.testng.reporters.JUnitReportReporter -->
<testsuite skipped="0" hostname="DESKTOP-P39G688" name="testng1.GropingExecutiom" tests="7" failures="0" timestamp="2020-11-20T15:16:14 IST" time="0.012" errors="0">
  <testcase name="Functional1" time="0.006" classname="testng1.GropingExecutiom"/>
  <system-out>
functionaltest1  </system-out>
  <testcase name="System2" time="0.001" classname="testng1.GropingExecutiom"/>
  <system-out>
systemtest2  </system-out>
  <testcase name="Smoke1" time="0.001" classname="testng1.GropingExecutiom"/>
  <system-out>
smoketest1  </system-out>
  <testcase name="Smoke2" time="0.001" classname="testng1.GropingExecutiom"/>
  <system-out>
smoketest2  </system-out>
  <testcase name="System1" time="0.001" classname="testng1.GropingExecutiom"/>
  <system-out>
Systemtest1  </system-out>
  <testcase name="Smoke3" time="0.001" classname="testng1.GropingExecutiom"/>
  <system-out>
smoketest3  </system-out>
  <testcase name="Functional2" time="0.001" classname="testng1.GropingExecutiom"/>
  <system-out>
functionaltest2  </system-out>
</testsuite> <!-- testng1.GropingExecutiom -->
